<?xml version="1.0" encoding="UTF-8"?>
<!-- Generated by org.testng.reporters.JUnitReportReporter -->
<testsuite hostname="Satya" failures="0" tests="1" name="server_tests.ServerTest" time="6.734" errors="0" timestamp="2025-07-06T17:45:47 IST" skipped="0">
  <testcase classname="server_tests.ServerTest" name="homePageCheck" time="6.734"/>
</testsuite> <!-- server_tests.ServerTest -->
