<?xml version="1.0" encoding="UTF-8"?>
<!-- Generated by org.testng.reporters.JUnitReportReporter -->
<testsuite hostname="Satya" failures="0" tests="2" name="SatyasSeleniumSuite.SeleniumFrameworkDesigns.e2e.StandAloneJsonImplemented" time="17.909" errors="0" timestamp="2025-06-25T20:13:43 IST" skipped="0">
  <testcase classname="SatyasSeleniumSuite.SeleniumFrameworkDesigns.e2e.StandAloneJsonImplemented" name="submitOrder" time="8.628"/>
  <testcase classname="SatyasSeleniumSuite.SeleniumFrameworkDesigns.e2e.StandAloneJsonImplemented" name="submitOrder" time="9.281"/>
</testsuite> <!-- SatyasSeleniumSuite.SeleniumFrameworkDesigns.e2e.StandAloneJsonImplemented -->
