<?xml version="1.0" encoding="UTF-8"?>
<!-- Generated by org.testng.reporters.JUnitReportReporter -->
<testsuite hostname="Satya" failures="0" tests="2" name="SatyasSeleniumSuite.SeleniumFrameworkDesigns.e2e.ErrorValidation" time="14.918" errors="0" timestamp="2025-06-25T20:13:43 IST" skipped="0">
  <testcase classname="SatyasSeleniumSuite.SeleniumFrameworkDesigns.e2e.ErrorValidation" name="loginAndvalidateError" time="4.638"/>
  <testcase classname="SatyasSeleniumSuite.SeleniumFrameworkDesigns.e2e.ErrorValidation" name="productErrorValidation" time="10.280"/>
</testsuite> <!-- SatyasSeleniumSuite.SeleniumFrameworkDesigns.e2e.ErrorValidation -->
