<?xml version="1.0" encoding="UTF-8"?>
<!-- Generated by org.testng.reporters.JUnitReportReporter -->
<testsuite hostname="Satya" failures="0" tests="1" name="cucumber.TestNgTestRunner" time="10.693" errors="0" timestamp="2025-07-01T19:11:28 IST" skipped="0">
  <testcase classname="cucumber.TestNgTestRunner" name="runScenario" time="10.693"/>
</testsuite> <!-- cucumber.TestNgTestRunner -->
