<?xml version="1.0" encoding="UTF-8"?>
<!-- Generated by org.testng.reporters.JUnitReportReporter -->
<testsuite hostname="Satya" failures="0" tests="1" name="cucumber.TestNgTestRunner" time="8.056" errors="0" timestamp="2025-07-01T18:57:47 IST" skipped="0">
  <testcase classname="cucumber.TestNgTestRunner" name="runScenario" time="8.056"/>
</testsuite> <!-- cucumber.TestNgTestRunner -->
