<?xml version="1.0" encoding="UTF-8"?>
<!-- Generated by org.testng.reporters.JUnitReportReporter -->
<testsuite hostname="Satya" failures="0" tests="3" name="data_excel_implementation.excel_dataprovider_integration.DataDrivenExcel" time="0.013" errors="0" timestamp="2025-07-11T20:12:33 IST" skipped="0">
  <testcase classname="data_excel_implementation.excel_dataprovider_integration.DataDrivenExcel" name="excelDataImplementation" time="0.010"/>
  <testcase classname="data_excel_implementation.excel_dataprovider_integration.DataDrivenExcel" name="excelDataImplementation" time="0.002"/>
  <testcase classname="data_excel_implementation.excel_dataprovider_integration.DataDrivenExcel" name="excelDataImplementation" time="0.001"/>
</testsuite> <!-- data_excel_implementation.excel_dataprovider_integration.DataDrivenExcel -->
