<?xml version="1.0" encoding="UTF-8"?>
<!-- Generated by org.testng.reporters.JUnitReportReporter -->
<testsuite hostname="Satya" failures="0" tests="1" name="flight_booking_testing.anthropic_model_testing.FlightBookingTest" time="5.305" errors="0" timestamp="2025-07-22T01:04:13 IST" skipped="0">
  <testcase classname="flight_booking_testing.anthropic_model_testing.FlightBookingTest" name="basicTest" time="5.305"/>
</testsuite> <!-- flight_booking_testing.anthropic_model_testing.FlightBookingTest -->
