<?xml version="1.0" encoding="UTF-8"?>
<!-- Generated by org.testng.reporters.JUnitReportReporter -->
<testsuite hostname="Satya" failures="0" tests="2" name="test.TestNG_D1_03" time="0.002" errors="0" timestamp="2025-06-07T22:14:58 IST" skipped="0">
  <testcase classname="test.TestNG_D1_03" name="webHomeLoanLogin" time="0.001"/>
  <testcase classname="test.TestNG_D1_03" name="apiHomeLoanLogin" time="0.001"/>
</testsuite> <!-- test.TestNG_D1_03 -->
