<?xml version="1.0" encoding="UTF-8"?>
<!-- Generated by org.testng.reporters.JUnitReportReporter -->
<testsuite hostname="Satya" failures="0" tests="1" name="javaconcept.PS1" time="0.048" errors="0" timestamp="2025-06-08T01:01:23 IST" skipped="0">
  <testcase classname="javaconcept.PS1" name="run" time="0.048"/>
</testsuite> <!-- javaconcept.PS1 -->
