<?xml version="1.0" encoding="UTF-8"?>
<!-- Generated by org.testng.reporters.JUnitReportReporter -->
<testsuite hostname="Satya" failures="0" tests="3" name="test.TestNG_D1_02" time="0.013" errors="0" timestamp="2025-06-07T22:14:58 IST" skipped="0">
  <testcase classname="test.TestNG_D1_02" name="mobileCarLoanLogin" time="0.004"/>
  <testcase classname="test.TestNG_D1_02" name="apiCarLoanLogin" time="0.004"/>
  <testcase classname="test.TestNG_D1_02" name="webCarLoanLogin" time="0.005"/>
</testsuite> <!-- test.TestNG_D1_02 -->
