<?xml version="1.0" encoding="UTF-8"?>
<!-- Generated by org.testng.reporters.JUnitReportReporter -->
<testsuite hostname="Satya" failures="0" tests="1" name="Satya.ExtentReports.ExtentReportDemo" time="5.440" errors="0" timestamp="2025-06-20T20:38:37 IST" skipped="0">
  <testcase classname="Satya.ExtentReports.ExtentReportDemo" name="initialDemo" time="5.440"/>
</testsuite> <!-- Satya.ExtentReports.ExtentReportDemo -->
